This file contains any messages produced by compilers while
running configure, to aid debugging if configure makes a mistake.

It was created by libatomic_ops configure 7.7.0, which was
generated by GNU Autoconf 2.69.  Invocation command line was

  $ ./configure 

## --------- ##
## Platform. ##
## --------- ##

hostname = localhost
uname -m = x86_64
uname -r = 4.18.0-25-generic
uname -s = Linux
uname -v = #26-Ubuntu SMP Mon Jun 24 09:32:08 UTC 2019

/usr/bin/uname -p = unknown
/bin/uname -X     = unknown

/bin/arch              = unknown
/usr/bin/arch -k       = unknown
/usr/convex/getsysinfo = unknown
/usr/bin/hostinfo      = unknown
/bin/machine           = unknown
/usr/bin/oslevel       = unknown
/bin/universe          = unknown

PATH: /usr/local/sbin
PATH: /usr/local/bin
PATH: /usr/sbin
PATH: /usr/bin
PATH: /sbin
PATH: /bin
PATH: /usr/games
PATH: /usr/local/games
PATH: /snap/bin


## ----------- ##
## Core tests. ##
## ----------- ##

configure:2216: checking build system type
configure:2230: result: x86_64-pc-linux-gnu
configure:2250: checking host system type
configure:2263: result: x86_64-pc-linux-gnu
configure:2283: checking target system type
configure:2296: result: x86_64-pc-linux-gnu
configure:2340: checking for a BSD-compatible install
configure:2408: result: /usr/bin/install -c
configure:2419: checking whether build environment is sane
configure:2474: result: yes
configure:2625: checking for a thread-safe mkdir -p
configure:2664: result: /bin/mkdir -p
configure:2671: checking for gawk
configure:2687: found /usr/bin/gawk
configure:2698: result: gawk
configure:2709: checking whether make sets $(MAKE)
configure:2731: result: yes
configure:2760: checking whether make supports nested variables
configure:2777: result: yes
configure:2904: checking whether to enable maintainer-specific portions of Makefiles
configure:2913: result: no
configure:2934: checking whether make supports the include directive
configure:2949: make -f confmf.GNU && cat confinc.out
this is the am__doit target
configure:2952: $? = 0
configure:2971: result: yes (GNU style)
configure:3041: checking for gcc
configure:3057: found /usr/bin/gcc
configure:3068: result: gcc
configure:3297: checking for C compiler version
configure:3306: gcc --version >&5
gcc (Ubuntu 8.3.0-6ubuntu1~18.10.1) 8.3.0
Copyright (C) 2018 Free Software Foundation, Inc.
This is free software; see the source for copying conditions.  There is NO
warranty; not even for MERCHANTABILITY or FITNESS FOR A PARTICULAR PURPOSE.

configure:3317: $? = 0
configure:3306: gcc -v >&5
Using built-in specs.
COLLECT_GCC=gcc
COLLECT_LTO_WRAPPER=/usr/lib/gcc/x86_64-linux-gnu/8/lto-wrapper
OFFLOAD_TARGET_NAMES=nvptx-none
OFFLOAD_TARGET_DEFAULT=1
Target: x86_64-linux-gnu
Configured with: ../src/configure -v --with-pkgversion='Ubuntu 8.3.0-6ubuntu1~18.10.1' --with-bugurl=file:///usr/share/doc/gcc-8/README.Bugs --enable-languages=c,ada,c++,go,brig,d,fortran,objc,obj-c++ --prefix=/usr --with-gcc-major-version-only --program-suffix=-8 --program-prefix=x86_64-linux-gnu- --enable-shared --enable-linker-build-id --libexecdir=/usr/lib --without-included-gettext --enable-threads=posix --libdir=/usr/lib --enable-nls --enable-bootstrap --enable-clocale=gnu --enable-libstdcxx-debug --enable-libstdcxx-time=yes --with-default-libstdcxx-abi=new --enable-gnu-unique-object --disable-vtable-verify --enable-libmpx --enable-plugin --enable-default-pie --with-system-zlib --with-target-system-zlib --enable-objc-gc=auto --enable-multiarch --disable-werror --with-arch-32=i686 --with-abi=m64 --with-multilib-list=m32,m64,mx32 --enable-multilib --with-tune=generic --enable-offload-targets=nvptx-none --without-cuda-driver --enable-checking=release --build=x86_64-linux-gnu --host=x86_64-linux-gnu --target=x86_64-linux-gnu
Thread model: posix
gcc version 8.3.0 (Ubuntu 8.3.0-6ubuntu1~18.10.1) 
configure:3317: $? = 0
configure:3306: gcc -V >&5
gcc: error: unrecognized command line option '-V'
gcc: fatal error: no input files
compilation terminated.
configure:3317: $? = 1
configure:3306: gcc -qversion >&5
gcc: error: unrecognized command line option '-qversion'; did you mean '--version'?
gcc: fatal error: no input files
compilation terminated.
configure:3317: $? = 1
configure:3337: checking whether the C compiler works
configure:3359: gcc    conftest.c  >&5
configure:3363: $? = 0
configure:3411: result: yes
configure:3414: checking for C compiler default output file name
configure:3416: result: a.out
configure:3422: checking for suffix of executables
configure:3429: gcc -o conftest    conftest.c  >&5
configure:3433: $? = 0
configure:3455: result: 
configure:3477: checking whether we are cross compiling
configure:3485: gcc -o conftest    conftest.c  >&5
configure:3489: $? = 0
configure:3496: ./conftest
configure:3500: $? = 0
configure:3515: result: no
configure:3520: checking for suffix of object files
configure:3542: gcc -c   conftest.c >&5
configure:3546: $? = 0
configure:3567: result: o
configure:3571: checking whether we are using the GNU C compiler
configure:3590: gcc -c   conftest.c >&5
configure:3590: $? = 0
configure:3599: result: yes
configure:3608: checking whether gcc accepts -g
configure:3628: gcc -c -g  conftest.c >&5
configure:3628: $? = 0
configure:3669: result: yes
configure:3686: checking for gcc option to accept ISO C89
configure:3749: gcc  -c -g -O2  conftest.c >&5
configure:3749: $? = 0
configure:3762: result: none needed
configure:3787: checking whether gcc understands -c and -o together
configure:3809: gcc -c conftest.c -o conftest2.o
configure:3812: $? = 0
configure:3809: gcc -c conftest.c -o conftest2.o
configure:3812: $? = 0
configure:3824: result: yes
configure:3843: checking dependency style of gcc
configure:3954: result: gcc3
configure:3979: checking dependency style of gcc
configure:4088: result: gcc3
configure:4149: checking how to print strings
configure:4176: result: printf
configure:4197: checking for a sed that does not truncate output
configure:4261: result: /bin/sed
configure:4279: checking for grep that handles long lines and -e
configure:4337: result: /bin/grep
configure:4342: checking for egrep
configure:4404: result: /bin/grep -E
configure:4409: checking for fgrep
configure:4471: result: /bin/grep -F
configure:4506: checking for ld used by gcc
configure:4573: result: /usr/bin/ld
configure:4580: checking if the linker (/usr/bin/ld) is GNU ld
configure:4595: result: yes
configure:4607: checking for BSD- or MS-compatible name lister (nm)
configure:4661: result: /usr/bin/nm -B
configure:4791: checking the name lister (/usr/bin/nm -B) interface
configure:4798: gcc -c -g -O2  conftest.c >&5
configure:4801: /usr/bin/nm -B "conftest.o"
configure:4804: output
0000000000000000 B some_variable
configure:4811: result: BSD nm
configure:4814: checking whether ln -s works
configure:4818: result: yes
configure:4826: checking the maximum length of command line arguments
configure:4957: result: 1572864
configure:5005: checking how to convert x86_64-pc-linux-gnu file names to x86_64-pc-linux-gnu format
configure:5045: result: func_convert_file_noop
configure:5052: checking how to convert x86_64-pc-linux-gnu file names to toolchain format
configure:5072: result: func_convert_file_noop
configure:5079: checking for /usr/bin/ld option to reload object files
configure:5086: result: -r
configure:5160: checking for objdump
configure:5176: found /usr/bin/objdump
configure:5187: result: objdump
configure:5219: checking how to recognize dependent libraries
configure:5419: result: pass_all
configure:5504: checking for dlltool
configure:5534: result: no
configure:5564: checking how to associate runtime and link libraries
configure:5591: result: printf %s\n
configure:5652: checking for ar
configure:5668: found /usr/bin/ar
configure:5679: result: ar
configure:5716: checking for archiver @FILE support
configure:5733: gcc -c -g -O2  conftest.c >&5
configure:5733: $? = 0
configure:5736: ar cru libconftest.a @conftest.lst >&5
ar: `u' modifier ignored since `D' is the default (see `U')
configure:5739: $? = 0
configure:5744: ar cru libconftest.a @conftest.lst >&5
ar: `u' modifier ignored since `D' is the default (see `U')
ar: conftest.o: No such file or directory
configure:5747: $? = 1
configure:5759: result: @
configure:5817: checking for strip
configure:5833: found /usr/bin/strip
configure:5844: result: strip
configure:5916: checking for ranlib
configure:5932: found /usr/bin/ranlib
configure:5943: result: ranlib
configure:6045: checking command to parse /usr/bin/nm -B output from gcc object
configure:6198: gcc -c -g -O2  conftest.c >&5
configure:6201: $? = 0
configure:6205: /usr/bin/nm -B conftest.o \| sed -n -e 's/^.*[ ]\([ABCDGIRSTW][ABCDGIRSTW]*\)[ ][ ]*\([_A-Za-z][_A-Za-z0-9]*\)$/\1 \2 \2/p' | sed '/ __gnu_lto/d' \> conftest.nm
configure:6208: $? = 0
configure:6274: gcc -o conftest -g -O2   conftest.c conftstm.o >&5
configure:6277: $? = 0
configure:6315: result: ok
configure:6362: checking for sysroot
configure:6392: result: no
configure:6399: checking for a working dd
configure:6437: result: /bin/dd
configure:6441: checking how to truncate binary pipes
configure:6456: result: /bin/dd bs=4096 count=1
configure:6592: gcc -c -g -O2  conftest.c >&5
configure:6595: $? = 0
configure:6785: checking for mt
configure:6801: found /bin/mt
configure:6812: result: mt
configure:6835: checking if mt is a manifest tool
configure:6841: mt '-?'
configure:6849: result: no
configure:7526: checking how to run the C preprocessor
configure:7557: gcc -E  conftest.c
configure:7557: $? = 0
configure:7571: gcc -E  conftest.c
conftest.c:11:10: fatal error: ac_nonexistent.h: No such file or directory
 #include <ac_nonexistent.h>
          ^~~~~~~~~~~~~~~~~~
compilation terminated.
configure:7571: $? = 1
configure: failed program was:
| /* confdefs.h */
| #define PACKAGE_NAME "libatomic_ops"
| #define PACKAGE_TARNAME "libatomic_ops"
| #define PACKAGE_VERSION "7.7.0"
| #define PACKAGE_STRING "libatomic_ops 7.7.0"
| #define PACKAGE_BUGREPORT "https://github.com/ivmai/libatomic_ops/issues"
| #define PACKAGE_URL ""
| #define PACKAGE "libatomic_ops"
| #define VERSION "7.7.0"
| /* end confdefs.h.  */
| #include <ac_nonexistent.h>
configure:7596: result: gcc -E
configure:7616: gcc -E  conftest.c
configure:7616: $? = 0
configure:7630: gcc -E  conftest.c
conftest.c:11:10: fatal error: ac_nonexistent.h: No such file or directory
 #include <ac_nonexistent.h>
          ^~~~~~~~~~~~~~~~~~
compilation terminated.
configure:7630: $? = 1
configure: failed program was:
| /* confdefs.h */
| #define PACKAGE_NAME "libatomic_ops"
| #define PACKAGE_TARNAME "libatomic_ops"
| #define PACKAGE_VERSION "7.7.0"
| #define PACKAGE_STRING "libatomic_ops 7.7.0"
| #define PACKAGE_BUGREPORT "https://github.com/ivmai/libatomic_ops/issues"
| #define PACKAGE_URL ""
| #define PACKAGE "libatomic_ops"
| #define VERSION "7.7.0"
| /* end confdefs.h.  */
| #include <ac_nonexistent.h>
configure:7659: checking for ANSI C header files
configure:7679: gcc -c -g -O2  conftest.c >&5
configure:7679: $? = 0
configure:7752: gcc -o conftest -g -O2   conftest.c  >&5
configure:7752: $? = 0
configure:7752: ./conftest
configure:7752: $? = 0
configure:7763: result: yes
configure:7776: checking for sys/types.h
configure:7776: gcc -c -g -O2  conftest.c >&5
configure:7776: $? = 0
configure:7776: result: yes
configure:7776: checking for sys/stat.h
configure:7776: gcc -c -g -O2  conftest.c >&5
configure:7776: $? = 0
configure:7776: result: yes
configure:7776: checking for stdlib.h
configure:7776: gcc -c -g -O2  conftest.c >&5
configure:7776: $? = 0
configure:7776: result: yes
configure:7776: checking for string.h
configure:7776: gcc -c -g -O2  conftest.c >&5
configure:7776: $? = 0
configure:7776: result: yes
configure:7776: checking for memory.h
configure:7776: gcc -c -g -O2  conftest.c >&5
configure:7776: $? = 0
configure:7776: result: yes
configure:7776: checking for strings.h
configure:7776: gcc -c -g -O2  conftest.c >&5
configure:7776: $? = 0
configure:7776: result: yes
configure:7776: checking for inttypes.h
configure:7776: gcc -c -g -O2  conftest.c >&5
configure:7776: $? = 0
configure:7776: result: yes
configure:7776: checking for stdint.h
configure:7776: gcc -c -g -O2  conftest.c >&5
configure:7776: $? = 0
configure:7776: result: yes
configure:7776: checking for unistd.h
configure:7776: gcc -c -g -O2  conftest.c >&5
configure:7776: $? = 0
configure:7776: result: yes
configure:7790: checking for dlfcn.h
configure:7790: gcc -c -g -O2  conftest.c >&5
configure:7790: $? = 0
configure:7790: result: yes
configure:8045: checking for objdir
configure:8060: result: .libs
configure:8324: checking if gcc supports -fno-rtti -fno-exceptions
configure:8342: gcc -c -g -O2  -fno-rtti -fno-exceptions conftest.c >&5
cc1: warning: command line option '-fno-rtti' is valid for C++/ObjC++ but not for C
configure:8346: $? = 0
configure:8359: result: no
configure:8717: checking for gcc option to produce PIC
configure:8724: result: -fPIC -DPIC
configure:8732: checking if gcc PIC flag -fPIC -DPIC works
configure:8750: gcc -c -g -O2  -fPIC -DPIC -DPIC conftest.c >&5
configure:8754: $? = 0
configure:8767: result: yes
configure:8796: checking if gcc static flag -static works
configure:8824: result: yes
configure:8839: checking if gcc supports -c -o file.o
configure:8860: gcc -c -g -O2  -o out/conftest2.o conftest.c >&5
configure:8864: $? = 0
configure:8886: result: yes
configure:8894: checking if gcc supports -c -o file.o
configure:8941: result: yes
configure:8974: checking whether the gcc linker (/usr/bin/ld -m elf_x86_64) supports shared libraries
configure:10237: result: yes
configure:10477: checking dynamic linker characteristics
configure:11058: gcc -o conftest -g -O2   -Wl,-rpath -Wl,/foo conftest.c  >&5
configure:11058: $? = 0
configure:11307: result: GNU/Linux ld.so
configure:11429: checking how to hardcode library paths into programs
configure:11454: result: immediate
configure:12002: checking whether stripping libraries is possible
configure:12007: result: yes
configure:12042: checking if libtool supports shared libraries
configure:12044: result: yes
configure:12047: checking whether to build shared libraries
configure:12072: result: no
configure:12075: checking whether to build static libraries
configure:12079: result: yes
configure:12123: checking for stdlib.h
configure:12123: result: yes
configure:12123: checking for unistd.h
configure:12123: result: yes
configure:12123: checking for sys/param.h
configure:12123: gcc -c -g -O2  conftest.c >&5
configure:12123: $? = 0
configure:12123: result: yes
configure:12143: checking for getpagesize
configure:12143: gcc -o conftest -g -O2   conftest.c  >&5
configure:12143: $? = 0
configure:12143: result: yes
configure:12152: checking for working mmap
configure:12301: gcc -o conftest -g -O2   conftest.c  >&5
configure:12301: $? = 0
configure:12301: ./conftest
configure:12301: $? = 0
configure:12311: result: yes
configure:12324: checking for PIC compiler flag
configure:12339: result: -fPIC
configure:12342: checking whether -fPIC compiler option causes __PIC__ definition
configure:12362: gcc -c -fPIC -g -O2  conftest.c >&5
configure:12362: $? = 0
configure:12369: result: yes
configure:12380: checking whether compiler supports -Wextra
configure:12395: gcc -c -Wextra -g -O2  conftest.c >&5
configure:12395: $? = 0
configure:12402: result: yes
configure:12409: checking whether compiler supports -Wpedantic
configure:12425: gcc -c -Wpedantic -Wno-long-long -g -O2  conftest.c >&5
configure:12425: $? = 0
configure:12432: result: yes
configure:12559: checking for pthread_self in -lpthread
configure:12584: gcc -o conftest -Wall -Wextra -Wpedantic -Wno-long-long -g -O2   conftest.c -lpthread   >&5
configure:12584: $? = 0
configure:12593: result: yes
configure:12770: checking that generated files are newer than configure
configure:12776: result: done
configure:12823: creating ./config.status

## ---------------------- ##
## Running config.status. ##
## ---------------------- ##

This file was extended by libatomic_ops config.status 7.7.0, which was
generated by GNU Autoconf 2.69.  Invocation command line was

  CONFIG_FILES    = 
  CONFIG_HEADERS  = 
  CONFIG_LINKS    = 
  CONFIG_COMMANDS = 
  $ ./config.status 

on localhost

config.status:1125: creating Makefile
config.status:1125: creating doc/Makefile
config.status:1125: creating src/Makefile
config.status:1125: creating tests/Makefile
config.status:1125: creating pkgconfig/atomic_ops.pc
config.status:1125: creating pkgconfig/atomic_ops-uninstalled.pc
config.status:1125: creating src/config.h
config.status:1354: executing depfiles commands
config.status:1431: cd src       && sed -e '/# am--include-marker/d' Makefile         | make -f - am--depfiles
config.status:1436: $? = 0
config.status:1431: cd tests       && sed -e '/# am--include-marker/d' Makefile         | make -f - am--depfiles
config.status:1436: $? = 0
config.status:1354: executing libtool commands
config.status:1354: executing default commands

## ---------------- ##
## Cache variables. ##
## ---------------- ##

ac_cv_build=x86_64-pc-linux-gnu
ac_cv_c_compiler_gnu=yes
ac_cv_cc_pedantic=yes
ac_cv_cc_wextra=yes
ac_cv_env_CCASFLAGS_set=
ac_cv_env_CCASFLAGS_value=
ac_cv_env_CCAS_set=
ac_cv_env_CCAS_value=
ac_cv_env_CC_set=
ac_cv_env_CC_value=
ac_cv_env_CFLAGS_set=
ac_cv_env_CFLAGS_value=
ac_cv_env_CPPFLAGS_set=
ac_cv_env_CPPFLAGS_value=
ac_cv_env_CPP_set=
ac_cv_env_CPP_value=
ac_cv_env_LDFLAGS_set=
ac_cv_env_LDFLAGS_value=
ac_cv_env_LIBS_set=
ac_cv_env_LIBS_value=
ac_cv_env_LT_SYS_LIBRARY_PATH_set=
ac_cv_env_LT_SYS_LIBRARY_PATH_value=
ac_cv_env_build_alias_set=
ac_cv_env_build_alias_value=
ac_cv_env_host_alias_set=
ac_cv_env_host_alias_value=
ac_cv_env_target_alias_set=
ac_cv_env_target_alias_value=
ac_cv_func_getpagesize=yes
ac_cv_func_mmap_fixed_mapped=yes
ac_cv_header_dlfcn_h=yes
ac_cv_header_inttypes_h=yes
ac_cv_header_memory_h=yes
ac_cv_header_stdc=yes
ac_cv_header_stdint_h=yes
ac_cv_header_stdlib_h=yes
ac_cv_header_string_h=yes
ac_cv_header_strings_h=yes
ac_cv_header_sys_param_h=yes
ac_cv_header_sys_stat_h=yes
ac_cv_header_sys_types_h=yes
ac_cv_header_unistd_h=yes
ac_cv_host=x86_64-pc-linux-gnu
ac_cv_lib_pthread_pthread_self=yes
ac_cv_objext=o
ac_cv_path_EGREP='/bin/grep -E'
ac_cv_path_FGREP='/bin/grep -F'
ac_cv_path_GREP=/bin/grep
ac_cv_path_SED=/bin/sed
ac_cv_path_install='/usr/bin/install -c'
ac_cv_path_lt_DD=/bin/dd
ac_cv_path_mkdir=/bin/mkdir
ac_cv_pic_macro=yes
ac_cv_prog_AWK=gawk
ac_cv_prog_CPP='gcc -E'
ac_cv_prog_ac_ct_AR=ar
ac_cv_prog_ac_ct_CC=gcc
ac_cv_prog_ac_ct_MANIFEST_TOOL=mt
ac_cv_prog_ac_ct_OBJDUMP=objdump
ac_cv_prog_ac_ct_RANLIB=ranlib
ac_cv_prog_ac_ct_STRIP=strip
ac_cv_prog_cc_c89=
ac_cv_prog_cc_g=yes
ac_cv_prog_make_make_set=yes
ac_cv_target=x86_64-pc-linux-gnu
am_cv_CCAS_dependencies_compiler_type=gcc3
am_cv_CC_dependencies_compiler_type=gcc3
am_cv_make_support_nested_variables=yes
am_cv_prog_cc_c_o=yes
lt_cv_ar_at_file=@
lt_cv_deplibs_check_method=pass_all
lt_cv_file_magic_cmd='$MAGIC_CMD'
lt_cv_file_magic_test_file=
lt_cv_ld_reload_flag=-r
lt_cv_nm_interface='BSD nm'
lt_cv_objdir=.libs
lt_cv_path_LD=/usr/bin/ld
lt_cv_path_NM='/usr/bin/nm -B'
lt_cv_path_mainfest_tool=no
lt_cv_prog_compiler_c_o=yes
lt_cv_prog_compiler_pic='-fPIC -DPIC'
lt_cv_prog_compiler_pic_works=yes
lt_cv_prog_compiler_rtti_exceptions=no
lt_cv_prog_compiler_static_works=yes
lt_cv_prog_gnu_ld=yes
lt_cv_sharedlib_from_linklib_cmd='printf %s\n'
lt_cv_shlibpath_overrides_runpath=yes
lt_cv_sys_global_symbol_pipe='sed -n -e '\''s/^.*[	 ]\([ABCDGIRSTW][ABCDGIRSTW]*\)[	 ][	 ]*\([_A-Za-z][_A-Za-z0-9]*\)$/\1 \2 \2/p'\'' | sed '\''/ __gnu_lto/d'\'''
lt_cv_sys_global_symbol_to_c_name_address='sed -n -e '\''s/^: \(.*\) .*$/  {"\1", (void *) 0},/p'\'' -e '\''s/^[ABCDGIRSTW][ABCDGIRSTW]* .* \(.*\)$/  {"\1", (void *) \&\1},/p'\'''
lt_cv_sys_global_symbol_to_c_name_address_lib_prefix='sed -n -e '\''s/^: \(.*\) .*$/  {"\1", (void *) 0},/p'\'' -e '\''s/^[ABCDGIRSTW][ABCDGIRSTW]* .* \(lib.*\)$/  {"\1", (void *) \&\1},/p'\'' -e '\''s/^[ABCDGIRSTW][ABCDGIRSTW]* .* \(.*\)$/  {"lib\1", (void *) \&\1},/p'\'''
lt_cv_sys_global_symbol_to_cdecl='sed -n -e '\''s/^T .* \(.*\)$/extern int \1();/p'\'' -e '\''s/^[ABCDGIRSTW][ABCDGIRSTW]* .* \(.*\)$/extern char \1;/p'\'''
lt_cv_sys_global_symbol_to_import=
lt_cv_sys_max_cmd_len=1572864
lt_cv_to_host_file_cmd=func_convert_file_noop
lt_cv_to_tool_file_cmd=func_convert_file_noop
lt_cv_truncate_bin='/bin/dd bs=4096 count=1'

## ----------------- ##
## Output variables. ##
## ----------------- ##

ACLOCAL='${SHELL} /home/sdp/christina/durablecorrectness/src/libatomic_ops/missing aclocal-1.16'
AMDEPBACKSLASH='\'
AMDEP_FALSE='#'
AMDEP_TRUE=''
AMTAR='$${TAR-tar}'
AM_BACKSLASH='\'
AM_DEFAULT_V='$(AM_DEFAULT_VERBOSITY)'
AM_DEFAULT_VERBOSITY='1'
AM_V='$(V)'
AR='ar'
AUTOCONF='${SHELL} /home/sdp/christina/durablecorrectness/src/libatomic_ops/missing autoconf'
AUTOHEADER='${SHELL} /home/sdp/christina/durablecorrectness/src/libatomic_ops/missing autoheader'
AUTOMAKE='${SHELL} /home/sdp/christina/durablecorrectness/src/libatomic_ops/missing automake-1.16'
AWK='gawk'
CC='gcc'
CCAS='gcc'
CCASDEPMODE='depmode=gcc3'
CCASFLAGS='-g -O2'
CCDEPMODE='depmode=gcc3'
CFLAGS='-Wall -Wextra -Wpedantic -Wno-long-long -g -O2'
CFLAGS_EXTRA=''
CPP='gcc -E'
CPPFLAGS=''
CYGPATH_W='echo'
DEFS='-DHAVE_CONFIG_H'
DEPDIR='.deps'
DLLTOOL='false'
DSYMUTIL=''
DUMPBIN=''
ECHO_C=''
ECHO_N='-n'
ECHO_T=''
EGREP='/bin/grep -E'
ENABLE_DOCS_FALSE='#'
ENABLE_DOCS_TRUE=''
ENABLE_SHARED_FALSE=''
ENABLE_SHARED_TRUE='#'
EXEEXT=''
FGREP='/bin/grep -F'
GREP='/bin/grep'
HAVE_PTHREAD_H_FALSE='#'
HAVE_PTHREAD_H_TRUE=''
INSTALL_DATA='${INSTALL} -m 644'
INSTALL_PROGRAM='${INSTALL}'
INSTALL_SCRIPT='${INSTALL}'
INSTALL_STRIP_PROGRAM='$(install_sh) -c -s'
LD='/usr/bin/ld -m elf_x86_64'
LDFLAGS=''
LIBOBJS=''
LIBS=''
LIBTOOL='$(SHELL) $(top_builddir)/libtool'
LIPO=''
LN_S='ln -s'
LTLIBOBJS=''
LT_SYS_LIBRARY_PATH=''
MAINT='#'
MAINTAINER_MODE_FALSE=''
MAINTAINER_MODE_TRUE='#'
MAKEINFO='${SHELL} /home/sdp/christina/durablecorrectness/src/libatomic_ops/missing makeinfo'
MANIFEST_TOOL=':'
MKDIR_P='/bin/mkdir -p'
NEED_ASM_FALSE=''
NEED_ASM_TRUE='#'
NM='/usr/bin/nm -B'
NMEDIT=''
OBJDUMP='objdump'
OBJEXT='o'
OTOOL64=''
OTOOL=''
PACKAGE='libatomic_ops'
PACKAGE_BUGREPORT='https://github.com/ivmai/libatomic_ops/issues'
PACKAGE_NAME='libatomic_ops'
PACKAGE_STRING='libatomic_ops 7.7.0'
PACKAGE_TARNAME='libatomic_ops'
PACKAGE_URL=''
PACKAGE_VERSION='7.7.0'
PATH_SEPARATOR=':'
PICFLAG='-fPIC'
RANLIB='ranlib'
SED='/bin/sed'
SET_MAKE=''
SHELL='/bin/bash'
STRIP='strip'
THREADDLLIBS='-lpthread'
VERSION='7.7.0'
ac_ct_AR='ar'
ac_ct_CC='gcc'
ac_ct_DUMPBIN=''
am__EXEEXT_FALSE=''
am__EXEEXT_TRUE='#'
am__fastdepCCAS_FALSE='#'
am__fastdepCCAS_TRUE=''
am__fastdepCC_FALSE='#'
am__fastdepCC_TRUE=''
am__include='include'
am__isrc=''
am__leading_dot='.'
am__nodep='_no'
am__quote=''
am__tar='$${TAR-tar} chof - "$$tardir"'
am__untar='$${TAR-tar} xf -'
bindir='${exec_prefix}/bin'
build='x86_64-pc-linux-gnu'
build_alias=''
build_cpu='x86_64'
build_os='linux-gnu'
build_vendor='pc'
datadir='${datarootdir}'
datarootdir='${prefix}/share'
docdir='${datarootdir}/doc/${PACKAGE_TARNAME}'
dvidir='${docdir}'
exec_prefix='${prefix}'
host='x86_64-pc-linux-gnu'
host_alias=''
host_cpu='x86_64'
host_os='linux-gnu'
host_vendor='pc'
htmldir='${docdir}'
includedir='${prefix}/include'
infodir='${datarootdir}/info'
install_sh='${SHELL} /home/sdp/christina/durablecorrectness/src/libatomic_ops/install-sh'
libdir='${exec_prefix}/lib'
libexecdir='${exec_prefix}/libexec'
localedir='${datarootdir}/locale'
localstatedir='${prefix}/var'
mandir='${datarootdir}/man'
mkdir_p='$(MKDIR_P)'
oldincludedir='/usr/include'
pdfdir='${docdir}'
prefix='/usr/local'
program_transform_name='s,x,x,'
psdir='${docdir}'
runstatedir='${localstatedir}/run'
sbindir='${exec_prefix}/sbin'
sharedstatedir='${prefix}/com'
sysconfdir='${prefix}/etc'
target='x86_64-pc-linux-gnu'
target_alias=''
target_cpu='x86_64'
target_os='linux-gnu'
target_vendor='pc'

## ----------- ##
## confdefs.h. ##
## ----------- ##

/* confdefs.h */
#define PACKAGE_NAME "libatomic_ops"
#define PACKAGE_TARNAME "libatomic_ops"
#define PACKAGE_VERSION "7.7.0"
#define PACKAGE_STRING "libatomic_ops 7.7.0"
#define PACKAGE_BUGREPORT "https://github.com/ivmai/libatomic_ops/issues"
#define PACKAGE_URL ""
#define PACKAGE "libatomic_ops"
#define VERSION "7.7.0"
#define STDC_HEADERS 1
#define HAVE_SYS_TYPES_H 1
#define HAVE_SYS_STAT_H 1
#define HAVE_STDLIB_H 1
#define HAVE_STRING_H 1
#define HAVE_MEMORY_H 1
#define HAVE_STRINGS_H 1
#define HAVE_INTTYPES_H 1
#define HAVE_STDINT_H 1
#define HAVE_UNISTD_H 1
#define HAVE_DLFCN_H 1
#define LT_OBJDIR ".libs/"
#define HAVE_STDLIB_H 1
#define HAVE_UNISTD_H 1
#define HAVE_SYS_PARAM_H 1
#define HAVE_GETPAGESIZE 1
#define HAVE_MMAP 1
#define NDEBUG 1
#define _REENTRANT 1

configure: exit 0
